{
"/Users/ulyssecarion/dev/src/github.com/segment-integrations/analytics.js-integration-appboy/lib/index.js":{"path":"/Users/ulyssecarion/dev/src/github.com/segment-integrations/analytics.js-integration-appboy/lib/index.js","s":{"1":1,"2":1,"3":1,"4":1,"5":1,"6":1,"7":1,"8":30,"9":30,"10":30,"11":2,"12":2,"13":2,"14":28,"15":1,"16":30,"17":30,"18":30,"19":3,"20":27,"21":1,"22":27,"23":27,"24":27,"25":27,"26":27,"27":27,"28":2241,"29":3186,"30":2241,"31":0,"32":27,"33":0,"34":27,"35":0,"36":27,"37":0,"38":27,"39":27,"40":26,"41":26,"42":26,"43":1,"44":26,"45":0,"46":26,"47":2,"48":2,"49":2,"50":24,"51":26,"52":3,"53":26,"54":26,"55":26,"56":26,"57":26,"58":1,"59":26,"60":26,"61":1,"62":3,"63":3,"64":3,"65":3,"66":3,"67":3,"68":282,"69":381,"70":282,"71":3,"72":0,"73":3,"74":0,"75":3,"76":3,"77":0,"78":3,"79":3,"80":3,"81":3,"82":3,"83":3,"84":1,"85":1,"86":1,"87":1,"88":2,"89":2,"90":2,"91":1,"92":1,"93":6,"94":6,"95":6,"96":6,"97":1,"98":1,"99":1,"100":1,"101":1,"102":26,"103":5,"104":21,"105":1,"106":2,"107":2,"108":0,"109":2,"110":1,"111":5,"112":5,"113":5,"114":5,"115":5,"116":5,"117":5,"118":5,"119":5,"120":5,"121":5,"122":5,"123":5,"124":5,"125":5,"126":5,"127":5,"128":5,"129":1,"130":1,"131":5,"132":1,"133":5,"134":5,"135":110,"136":5,"137":4,"138":1,"139":1,"140":1,"141":1,"142":3,"143":3,"144":3,"145":3,"146":18,"147":3,"148":0,"149":1,"150":6,"151":6,"152":3,"153":3,"154":0,"155":3,"156":3,"157":3,"158":3,"159":0,"160":1,"161":2,"162":2,"163":2,"164":2,"165":2,"166":2,"167":2,"168":4,"169":4,"170":4,"171":4,"172":4,"173":0,"174":1,"175":5,"176":2,"177":3,"178":0,"179":3,"180":3,"181":3,"182":3,"183":1,"184":2,"185":1,"186":1,"187":1},"b":{"1":[2,28],"2":[1,1],"3":[1,27],"4":[3,27],"5":[0,0],"6":[0,0],"7":[1,25],"8":[0,26],"9":[2,24],"10":[1,1],"11":[24,20],"12":[3,23],"13":[26,0],"14":[1,25],"15":[3,0],"16":[3,0],"17":[0,3],"18":[3,0],"19":[1,2],"20":[5,21],"21":[0,2],"22":[2,1],"23":[1,4],"24":[1,4],"25":[3,3],"26":[6,4],"27":[0,3],"28":[3,1],"29":[2,3],"30":[0,3],"31":[1,2],"32":[1,1],"33":[1,0]},"f":{"1":30,"2":27,"3":27,"4":0,"5":0,"6":0,"7":0,"8":26,"9":3,"10":3,"11":0,"12":0,"13":1,"14":1,"15":1,"16":2,"17":2,"18":29,"19":6,"20":1,"21":1,"22":26,"23":2,"24":5,"25":5,"26":110,"27":4,"28":1,"29":3,"30":18,"31":0,"32":6,"33":0,"34":2,"35":4,"36":0,"37":5},"fnMap":{"1":{"name":"(anonymous_1)","line":40,"loc":{"start":{"line":40,"column":30},"end":{"line":40,"column":41}}},"2":{"name":"(anonymous_2)","line":67,"loc":{"start":{"line":67,"column":32},"end":{"line":67,"column":57}}},"3":{"name":"(anonymous_3)","line":74,"loc":{"start":{"line":74,"column":3},"end":{"line":74,"column":23}}},"4":{"name":"(anonymous_4)","line":75,"loc":{"start":{"line":75,"column":2301},"end":{"line":75,"column":2311}}},"5":{"name":"(anonymous_5)","line":75,"loc":{"start":{"line":75,"column":2397},"end":{"line":75,"column":2407}}},"6":{"name":"(anonymous_6)","line":75,"loc":{"start":{"line":75,"column":2542},"end":{"line":75,"column":2552}}},"7":{"name":"(anonymous_7)","line":75,"loc":{"start":{"line":75,"column":2601},"end":{"line":75,"column":2611}}},"8":{"name":"(anonymous_8)","line":82,"loc":{"start":{"line":82,"column":18},"end":{"line":82,"column":29}}},"9":{"name":"(anonymous_9)","line":121,"loc":{"start":{"line":121,"column":32},"end":{"line":121,"column":57}}},"10":{"name":"(anonymous_10)","line":126,"loc":{"start":{"line":126,"column":3},"end":{"line":126,"column":28}}},"11":{"name":"(anonymous_11)","line":131,"loc":{"start":{"line":131,"column":21},"end":{"line":131,"column":33}}},"12":{"name":"(anonymous_12)","line":132,"loc":{"start":{"line":132,"column":27},"end":{"line":132,"column":39}}},"13":{"name":"(anonymous_13)","line":169,"loc":{"start":{"line":169,"column":20},"end":{"line":169,"column":31}}},"14":{"name":"(anonymous_14)","line":170,"loc":{"start":{"line":170,"column":31},"end":{"line":170,"column":42}}},"15":{"name":"(anonymous_15)","line":171,"loc":{"start":{"line":171,"column":34},"end":{"line":171,"column":45}}},"16":{"name":"(anonymous_16)","line":177,"loc":{"start":{"line":177,"column":20},"end":{"line":177,"column":31}}},"17":{"name":"(anonymous_17)","line":178,"loc":{"start":{"line":178,"column":32},"end":{"line":178,"column":43}}},"18":{"name":"(anonymous_18)","line":186,"loc":{"start":{"line":186,"column":36},"end":{"line":186,"column":47}}},"19":{"name":"(anonymous_19)","line":190,"loc":{"start":{"line":190,"column":31},"end":{"line":190,"column":58}}},"20":{"name":"(anonymous_20)","line":201,"loc":{"start":{"line":201,"column":35},"end":{"line":201,"column":46}}},"21":{"name":"(anonymous_21)","line":204,"loc":{"start":{"line":204,"column":9},"end":{"line":204,"column":28}}},"22":{"name":"(anonymous_22)","line":220,"loc":{"start":{"line":220,"column":37},"end":{"line":220,"column":56}}},"23":{"name":"(anonymous_23)","line":235,"loc":{"start":{"line":235,"column":26},"end":{"line":235,"column":37}}},"24":{"name":"(anonymous_24)","line":248,"loc":{"start":{"line":248,"column":28},"end":{"line":248,"column":47}}},"25":{"name":"(anonymous_25)","line":260,"loc":{"start":{"line":260,"column":27},"end":{"line":260,"column":38}}},"26":{"name":"(anonymous_26)","line":279,"loc":{"start":{"line":279,"column":9},"end":{"line":279,"column":23}}},"27":{"name":"(anonymous_27)","line":283,"loc":{"start":{"line":283,"column":9},"end":{"line":283,"column":30}}},"28":{"name":"(anonymous_28)","line":298,"loc":{"start":{"line":298,"column":25},"end":{"line":298,"column":41}}},"29":{"name":"(anonymous_29)","line":313,"loc":{"start":{"line":313,"column":25},"end":{"line":313,"column":41}}},"30":{"name":"(anonymous_30)","line":319,"loc":{"start":{"line":319,"column":7},"end":{"line":319,"column":21}}},"31":{"name":"(anonymous_31)","line":324,"loc":{"start":{"line":324,"column":25},"end":{"line":324,"column":36}}},"32":{"name":"(anonymous_32)","line":338,"loc":{"start":{"line":338,"column":24},"end":{"line":338,"column":39}}},"33":{"name":"(anonymous_33)","line":348,"loc":{"start":{"line":348,"column":25},"end":{"line":348,"column":36}}},"34":{"name":"(anonymous_34)","line":365,"loc":{"start":{"line":365,"column":34},"end":{"line":365,"column":50}}},"35":{"name":"(anonymous_35)","line":376,"loc":{"start":{"line":376,"column":7},"end":{"line":376,"column":25}}},"36":{"name":"(anonymous_36)","line":383,"loc":{"start":{"line":383,"column":27},"end":{"line":383,"column":38}}},"37":{"name":"getGender","line":401,"loc":{"start":{"line":401,"column":0},"end":{"line":401,"column":27}}}},"statementMap":{"1":{"start":{"line":7,"column":0},"end":{"line":7,"column":63}},"2":{"start":{"line":8,"column":0},"end":{"line":8,"column":46}},"3":{"start":{"line":9,"column":0},"end":{"line":9,"column":36}},"4":{"start":{"line":10,"column":0},"end":{"line":10,"column":34}},"5":{"start":{"line":11,"column":0},"end":{"line":11,"column":38}},"6":{"start":{"line":17,"column":0},"end":{"line":37,"column":82}},"7":{"start":{"line":40,"column":0},"end":{"line":60,"column":2}},"8":{"start":{"line":41,"column":2},"end":{"line":41,"column":29}},"9":{"start":{"line":42,"column":2},"end":{"line":42,"column":21}},"10":{"start":{"line":44,"column":2},"end":{"line":50,"column":3}},"11":{"start":{"line":45,"column":4},"end":{"line":45,"column":42}},"12":{"start":{"line":46,"column":4},"end":{"line":46,"column":52}},"13":{"start":{"line":47,"column":4},"end":{"line":47,"column":91}},"14":{"start":{"line":48,"column":9},"end":{"line":50,"column":3}},"15":{"start":{"line":49,"column":4},"end":{"line":49,"column":58}},"16":{"start":{"line":52,"column":2},"end":{"line":52,"column":31}},"17":{"start":{"line":53,"column":2},"end":{"line":53,"column":33}},"18":{"start":{"line":55,"column":2},"end":{"line":59,"column":3}},"19":{"start":{"line":56,"column":4},"end":{"line":56,"column":38}},"20":{"start":{"line":58,"column":4},"end":{"line":58,"column":38}},"21":{"start":{"line":67,"column":0},"end":{"line":113,"column":2}},"22":{"start":{"line":68,"column":2},"end":{"line":68,"column":29}},"23":{"start":{"line":69,"column":2},"end":{"line":69,"column":18}},"24":{"start":{"line":70,"column":2},"end":{"line":70,"column":42}},"25":{"start":{"line":74,"column":2},"end":{"line":76,"column":32}},"26":{"start":{"line":75,"column":4},"end":{"line":75,"column":21}},"27":{"start":{"line":75,"column":21},"end":{"line":75,"column":2379}},"28":{"start":{"line":75,"column":2227},"end":{"line":75,"column":2293}},"29":{"start":{"line":75,"column":2283},"end":{"line":75,"column":2293}},"30":{"start":{"line":75,"column":2293},"end":{"line":75,"column":2378}},"31":{"start":{"line":75,"column":2312},"end":{"line":75,"column":2377}},"32":{"start":{"line":75,"column":2379},"end":{"line":75,"column":2527}},"33":{"start":{"line":75,"column":2408},"end":{"line":75,"column":2525}},"34":{"start":{"line":75,"column":2527},"end":{"line":75,"column":2580}},"35":{"start":{"line":75,"column":2553},"end":{"line":75,"column":2578}},"36":{"start":{"line":75,"column":2580},"end":{"line":75,"column":2639}},"37":{"start":{"line":75,"column":2612},"end":{"line":75,"column":2637}},"38":{"start":{"line":80,"column":2},"end":{"line":80,"column":40}},"39":{"start":{"line":82,"column":2},"end":{"line":112,"column":5}},"40":{"start":{"line":83,"column":4},"end":{"line":83,"column":20}},"41":{"start":{"line":84,"column":4},"end":{"line":89,"column":6}},"42":{"start":{"line":90,"column":4},"end":{"line":90,"column":94}},"43":{"start":{"line":90,"column":37},"end":{"line":90,"column":94}},"44":{"start":{"line":91,"column":4},"end":{"line":91,"column":79}},"45":{"start":{"line":91,"column":41},"end":{"line":91,"column":79}},"46":{"start":{"line":94,"column":4},"end":{"line":100,"column":5}},"47":{"start":{"line":95,"column":6},"end":{"line":95,"column":44}},"48":{"start":{"line":96,"column":6},"end":{"line":96,"column":54}},"49":{"start":{"line":97,"column":6},"end":{"line":97,"column":93}},"50":{"start":{"line":99,"column":6},"end":{"line":99,"column":110}},"51":{"start":{"line":102,"column":4},"end":{"line":102,"column":56}},"52":{"start":{"line":102,"column":24},"end":{"line":102,"column":56}},"53":{"start":{"line":104,"column":4},"end":{"line":104,"column":50}},"54":{"start":{"line":105,"column":4},"end":{"line":105,"column":53}},"55":{"start":{"line":107,"column":4},"end":{"line":107,"column":104}},"56":{"start":{"line":107,"column":46},"end":{"line":107,"column":104}},"57":{"start":{"line":108,"column":4},"end":{"line":108,"column":49}},"58":{"start":{"line":108,"column":16},"end":{"line":108,"column":49}},"59":{"start":{"line":110,"column":4},"end":{"line":110,"column":32}},"60":{"start":{"line":111,"column":4},"end":{"line":111,"column":17}},"61":{"start":{"line":121,"column":0},"end":{"line":183,"column":2}},"62":{"start":{"line":122,"column":2},"end":{"line":122,"column":29}},"63":{"start":{"line":123,"column":2},"end":{"line":123,"column":42}},"64":{"start":{"line":126,"column":2},"end":{"line":133,"column":32}},"65":{"start":{"line":127,"column":4},"end":{"line":127,"column":23}},"66":{"start":{"line":127,"column":24},"end":{"line":127,"column":48}},"67":{"start":{"line":128,"column":4},"end":{"line":130,"column":5}},"68":{"start":{"line":129,"column":6},"end":{"line":129,"column":96}},"69":{"start":{"line":129,"column":84},"end":{"line":129,"column":96}},"70":{"start":{"line":129,"column":97},"end":{"line":129,"column":216}},"71":{"start":{"line":131,"column":4},"end":{"line":131,"column":63}},"72":{"start":{"line":131,"column":35},"end":{"line":131,"column":61}},"73":{"start":{"line":132,"column":4},"end":{"line":132,"column":69}},"74":{"start":{"line":132,"column":41},"end":{"line":132,"column":67}},"75":{"start":{"line":137,"column":2},"end":{"line":149,"column":4}},"76":{"start":{"line":151,"column":2},"end":{"line":151,"column":54}},"77":{"start":{"line":151,"column":22},"end":{"line":151,"column":54}},"78":{"start":{"line":153,"column":2},"end":{"line":153,"column":48}},"79":{"start":{"line":154,"column":2},"end":{"line":154,"column":51}},"80":{"start":{"line":156,"column":2},"end":{"line":156,"column":102}},"81":{"start":{"line":156,"column":44},"end":{"line":156,"column":102}},"82":{"start":{"line":167,"column":2},"end":{"line":167,"column":18}},"83":{"start":{"line":168,"column":2},"end":{"line":182,"column":3}},"84":{"start":{"line":169,"column":4},"end":{"line":175,"column":7}},"85":{"start":{"line":170,"column":6},"end":{"line":174,"column":9}},"86":{"start":{"line":171,"column":8},"end":{"line":173,"column":11}},"87":{"start":{"line":172,"column":10},"end":{"line":172,"column":23}},"88":{"start":{"line":177,"column":4},"end":{"line":181,"column":7}},"89":{"start":{"line":178,"column":6},"end":{"line":180,"column":9}},"90":{"start":{"line":179,"column":8},"end":{"line":179,"column":21}},"91":{"start":{"line":186,"column":0},"end":{"line":186,"column":50}},"92":{"start":{"line":190,"column":0},"end":{"line":215,"column":2}},"93":{"start":{"line":193,"column":2},"end":{"line":193,"column":60}},"94":{"start":{"line":196,"column":2},"end":{"line":196,"column":35}},"95":{"start":{"line":200,"column":2},"end":{"line":200,"column":18}},"96":{"start":{"line":201,"column":2},"end":{"line":214,"column":5}},"97":{"start":{"line":204,"column":4},"end":{"line":206,"column":34}},"98":{"start":{"line":205,"column":6},"end":{"line":205,"column":17}},"99":{"start":{"line":212,"column":4},"end":{"line":212,"column":32}},"100":{"start":{"line":213,"column":4},"end":{"line":213,"column":35}},"101":{"start":{"line":220,"column":0},"end":{"line":226,"column":2}},"102":{"start":{"line":221,"column":2},"end":{"line":225,"column":3}},"103":{"start":{"line":222,"column":4},"end":{"line":222,"column":15}},"104":{"start":{"line":224,"column":4},"end":{"line":224,"column":45}},"105":{"start":{"line":235,"column":0},"end":{"line":239,"column":2}},"106":{"start":{"line":236,"column":2},"end":{"line":236,"column":29}},"107":{"start":{"line":237,"column":2},"end":{"line":237,"column":72}},"108":{"start":{"line":237,"column":37},"end":{"line":237,"column":72}},"109":{"start":{"line":238,"column":2},"end":{"line":238,"column":66}},"110":{"start":{"line":248,"column":0},"end":{"line":287,"column":2}},"111":{"start":{"line":249,"column":2},"end":{"line":249,"column":33}},"112":{"start":{"line":250,"column":2},"end":{"line":250,"column":35}},"113":{"start":{"line":251,"column":2},"end":{"line":251,"column":33}},"114":{"start":{"line":252,"column":2},"end":{"line":252,"column":37}},"115":{"start":{"line":253,"column":2},"end":{"line":253,"column":31}},"116":{"start":{"line":254,"column":2},"end":{"line":254,"column":39}},"117":{"start":{"line":255,"column":2},"end":{"line":255,"column":33}},"118":{"start":{"line":256,"column":2},"end":{"line":256,"column":37}},"119":{"start":{"line":257,"column":2},"end":{"line":257,"column":31}},"120":{"start":{"line":258,"column":2},"end":{"line":258,"column":40}},"121":{"start":{"line":260,"column":2},"end":{"line":286,"column":5}},"122":{"start":{"line":261,"column":4},"end":{"line":261,"column":54}},"123":{"start":{"line":262,"column":4},"end":{"line":262,"column":44}},"124":{"start":{"line":263,"column":4},"end":{"line":263,"column":52}},"125":{"start":{"line":264,"column":4},"end":{"line":264,"column":57}},"126":{"start":{"line":265,"column":4},"end":{"line":265,"column":50}},"127":{"start":{"line":266,"column":4},"end":{"line":266,"column":50}},"128":{"start":{"line":267,"column":4},"end":{"line":270,"column":5}},"129":{"start":{"line":268,"column":6},"end":{"line":268,"column":58}},"130":{"start":{"line":269,"column":6},"end":{"line":269,"column":56}},"131":{"start":{"line":271,"column":4},"end":{"line":273,"column":5}},"132":{"start":{"line":272,"column":6},"end":{"line":272,"column":123}},"133":{"start":{"line":278,"column":4},"end":{"line":278,"column":271}},"134":{"start":{"line":279,"column":4},"end":{"line":281,"column":17}},"135":{"start":{"line":280,"column":6},"end":{"line":280,"column":25}},"136":{"start":{"line":283,"column":4},"end":{"line":285,"column":15}},"137":{"start":{"line":284,"column":6},"end":{"line":284,"column":65}},"138":{"start":{"line":298,"column":0},"end":{"line":302,"column":2}},"139":{"start":{"line":299,"column":2},"end":{"line":299,"column":57}},"140":{"start":{"line":301,"column":2},"end":{"line":301,"column":67}},"141":{"start":{"line":313,"column":0},"end":{"line":327,"column":2}},"142":{"start":{"line":314,"column":2},"end":{"line":314,"column":32}},"143":{"start":{"line":315,"column":2},"end":{"line":315,"column":38}},"144":{"start":{"line":318,"column":2},"end":{"line":318,"column":87}},"145":{"start":{"line":319,"column":2},"end":{"line":321,"column":15}},"146":{"start":{"line":320,"column":4},"end":{"line":320,"column":27}},"147":{"start":{"line":324,"column":2},"end":{"line":326,"column":5}},"148":{"start":{"line":325,"column":4},"end":{"line":325,"column":56}},"149":{"start":{"line":338,"column":0},"end":{"line":351,"column":2}},"150":{"start":{"line":339,"column":2},"end":{"line":339,"column":30}},"151":{"start":{"line":340,"column":2},"end":{"line":340,"column":67}},"152":{"start":{"line":340,"column":60},"end":{"line":340,"column":67}},"153":{"start":{"line":341,"column":2},"end":{"line":341,"column":55}},"154":{"start":{"line":341,"column":48},"end":{"line":341,"column":55}},"155":{"start":{"line":343,"column":2},"end":{"line":343,"column":46}},"156":{"start":{"line":344,"column":2},"end":{"line":344,"column":36}},"157":{"start":{"line":345,"column":2},"end":{"line":345,"column":37}},"158":{"start":{"line":348,"column":2},"end":{"line":350,"column":5}},"159":{"start":{"line":349,"column":4},"end":{"line":349,"column":56}},"160":{"start":{"line":365,"column":0},"end":{"line":387,"column":2}},"161":{"start":{"line":366,"column":2},"end":{"line":366,"column":34}},"162":{"start":{"line":367,"column":2},"end":{"line":367,"column":38}},"163":{"start":{"line":368,"column":2},"end":{"line":368,"column":46}},"164":{"start":{"line":371,"column":2},"end":{"line":371,"column":38}},"165":{"start":{"line":372,"column":2},"end":{"line":372,"column":38}},"166":{"start":{"line":375,"column":2},"end":{"line":375,"column":18}},"167":{"start":{"line":376,"column":2},"end":{"line":386,"column":15}},"168":{"start":{"line":377,"column":4},"end":{"line":377,"column":51}},"169":{"start":{"line":378,"column":4},"end":{"line":378,"column":38}},"170":{"start":{"line":379,"column":4},"end":{"line":379,"column":30}},"171":{"start":{"line":380,"column":4},"end":{"line":380,"column":36}},"172":{"start":{"line":383,"column":4},"end":{"line":385,"column":7}},"173":{"start":{"line":384,"column":6},"end":{"line":384,"column":94}},"174":{"start":{"line":401,"column":0},"end":{"line":412,"column":1}},"175":{"start":{"line":402,"column":2},"end":{"line":402,"column":22}},"176":{"start":{"line":402,"column":15},"end":{"line":402,"column":22}},"177":{"start":{"line":403,"column":2},"end":{"line":403,"column":41}},"178":{"start":{"line":403,"column":34},"end":{"line":403,"column":41}},"179":{"start":{"line":405,"column":2},"end":{"line":405,"column":52}},"180":{"start":{"line":406,"column":2},"end":{"line":406,"column":41}},"181":{"start":{"line":407,"column":2},"end":{"line":407,"column":36}},"182":{"start":{"line":409,"column":2},"end":{"line":409,"column":100}},"183":{"start":{"line":409,"column":56},"end":{"line":409,"column":100}},"184":{"start":{"line":410,"column":2},"end":{"line":410,"column":96}},"185":{"start":{"line":410,"column":54},"end":{"line":410,"column":96}},"186":{"start":{"line":411,"column":2},"end":{"line":411,"column":98}},"187":{"start":{"line":411,"column":55},"end":{"line":411,"column":98}}},"branchMap":{"1":{"line":44,"type":"if","locations":[{"start":{"line":44,"column":2},"end":{"line":44,"column":2}},{"start":{"line":44,"column":2},"end":{"line":44,"column":2}}]},"2":{"line":47,"type":"cond-expr","locations":[{"start":{"line":47,"column":45},"end":{"line":47,"column":53}},{"start":{"line":47,"column":56},"end":{"line":47,"column":77}}]},"3":{"line":48,"type":"if","locations":[{"start":{"line":48,"column":9},"end":{"line":48,"column":9}},{"start":{"line":48,"column":9},"end":{"line":48,"column":9}}]},"4":{"line":55,"type":"if","locations":[{"start":{"line":55,"column":2},"end":{"line":55,"column":2}},{"start":{"line":55,"column":2},"end":{"line":55,"column":2}}]},"5":{"line":75,"type":"binary-expr","locations":[{"start":{"line":75,"column":2312},"end":{"line":75,"column":2319}},{"start":{"line":75,"column":2321},"end":{"line":75,"column":2377}}]},"6":{"line":75,"type":"binary-expr","locations":[{"start":{"line":75,"column":2408},"end":{"line":75,"column":2415}},{"start":{"line":75,"column":2417},"end":{"line":75,"column":2525}}]},"7":{"line":90,"type":"if","locations":[{"start":{"line":90,"column":4},"end":{"line":90,"column":4}},{"start":{"line":90,"column":4},"end":{"line":90,"column":4}}]},"8":{"line":91,"type":"if","locations":[{"start":{"line":91,"column":4},"end":{"line":91,"column":4}},{"start":{"line":91,"column":4},"end":{"line":91,"column":4}}]},"9":{"line":94,"type":"if","locations":[{"start":{"line":94,"column":4},"end":{"line":94,"column":4}},{"start":{"line":94,"column":4},"end":{"line":94,"column":4}}]},"10":{"line":97,"type":"cond-expr","locations":[{"start":{"line":97,"column":47},"end":{"line":97,"column":55}},{"start":{"line":97,"column":58},"end":{"line":97,"column":79}}]},"11":{"line":99,"type":"binary-expr","locations":[{"start":{"line":99,"column":24},"end":{"line":99,"column":62}},{"start":{"line":99,"column":66},"end":{"line":99,"column":96}}]},"12":{"line":102,"type":"if","locations":[{"start":{"line":102,"column":4},"end":{"line":102,"column":4}},{"start":{"line":102,"column":4},"end":{"line":102,"column":4}}]},"13":{"line":107,"type":"if","locations":[{"start":{"line":107,"column":4},"end":{"line":107,"column":4}},{"start":{"line":107,"column":4},"end":{"line":107,"column":4}}]},"14":{"line":108,"type":"if","locations":[{"start":{"line":108,"column":4},"end":{"line":108,"column":4}},{"start":{"line":108,"column":4},"end":{"line":108,"column":4}}]},"15":{"line":144,"type":"binary-expr","locations":[{"start":{"line":144,"column":51},"end":{"line":144,"column":112}},{"start":{"line":144,"column":116},"end":{"line":144,"column":118}}]},"16":{"line":148,"type":"binary-expr","locations":[{"start":{"line":148,"column":29},"end":{"line":148,"column":68}},{"start":{"line":148,"column":72},"end":{"line":148,"column":74}}]},"17":{"line":151,"type":"if","locations":[{"start":{"line":151,"column":2},"end":{"line":151,"column":2}},{"start":{"line":151,"column":2},"end":{"line":151,"column":2}}]},"18":{"line":156,"type":"if","locations":[{"start":{"line":156,"column":2},"end":{"line":156,"column":2}},{"start":{"line":156,"column":2},"end":{"line":156,"column":2}}]},"19":{"line":168,"type":"if","locations":[{"start":{"line":168,"column":2},"end":{"line":168,"column":2}},{"start":{"line":168,"column":2},"end":{"line":168,"column":2}}]},"20":{"line":221,"type":"if","locations":[{"start":{"line":221,"column":2},"end":{"line":221,"column":2}},{"start":{"line":221,"column":2},"end":{"line":221,"column":2}}]},"21":{"line":237,"type":"if","locations":[{"start":{"line":237,"column":2},"end":{"line":237,"column":2}},{"start":{"line":237,"column":2},"end":{"line":237,"column":2}}]},"22":{"line":238,"type":"binary-expr","locations":[{"start":{"line":238,"column":9},"end":{"line":238,"column":22}},{"start":{"line":238,"column":26},"end":{"line":238,"column":65}}]},"23":{"line":267,"type":"if","locations":[{"start":{"line":267,"column":4},"end":{"line":267,"column":4}},{"start":{"line":267,"column":4},"end":{"line":267,"column":4}}]},"24":{"line":271,"type":"if","locations":[{"start":{"line":271,"column":4},"end":{"line":271,"column":4}},{"start":{"line":271,"column":4},"end":{"line":271,"column":4}}]},"25":{"line":340,"type":"if","locations":[{"start":{"line":340,"column":2},"end":{"line":340,"column":2}},{"start":{"line":340,"column":2},"end":{"line":340,"column":2}}]},"26":{"line":340,"type":"binary-expr","locations":[{"start":{"line":340,"column":6},"end":{"line":340,"column":29}},{"start":{"line":340,"column":33},"end":{"line":340,"column":58}}]},"27":{"line":341,"type":"if","locations":[{"start":{"line":341,"column":2},"end":{"line":341,"column":2}},{"start":{"line":341,"column":2},"end":{"line":341,"column":2}}]},"28":{"line":341,"type":"binary-expr","locations":[{"start":{"line":341,"column":6},"end":{"line":341,"column":30}},{"start":{"line":341,"column":34},"end":{"line":341,"column":46}}]},"29":{"line":402,"type":"if","locations":[{"start":{"line":402,"column":2},"end":{"line":402,"column":2}},{"start":{"line":402,"column":2},"end":{"line":402,"column":2}}]},"30":{"line":403,"type":"if","locations":[{"start":{"line":403,"column":2},"end":{"line":403,"column":2}},{"start":{"line":403,"column":2},"end":{"line":403,"column":2}}]},"31":{"line":409,"type":"if","locations":[{"start":{"line":409,"column":2},"end":{"line":409,"column":2}},{"start":{"line":409,"column":2},"end":{"line":409,"column":2}}]},"32":{"line":410,"type":"if","locations":[{"start":{"line":410,"column":2},"end":{"line":410,"column":2}},{"start":{"line":410,"column":2},"end":{"line":410,"column":2}}]},"33":{"line":411,"type":"if","locations":[{"start":{"line":411,"column":2},"end":{"line":411,"column":2}},{"start":{"line":411,"column":2},"end":{"line":411,"column":2}}]}},"code":["(function () { 'use strict';","","/**"," * Module dependencies."," */","","var integration = require('@segment/analytics.js-integration');","var Track = require('segmentio-facade').Track;","var each = require('@ndhoule/each');","var del = require('obj-case').del;","var clone = require('@ndhoule/clone');","","/**"," * Expose `Appboy` integration."," */","","var Appboy = module.exports = integration('Appboy')","  .global('appboy')","  .option('apiKey', '')","  .option('safariWebsitePushId', '')","  .option('allowCrawlerActivity', false)","  .option('doNotLoadFontAwesome', false)","  .option('enableLogging', false)","  .option('automaticallyDisplayMessages', true)","  .option('localization', 'en')","  .option('minimumIntervalBetweenTriggerActionsInSeconds', 30)","  .option('openInAppMessagesInNewTab', false)","  .option('openNewsFeedCardsInNewTab', false)","  .option('sessionTimeoutInSeconds', 30)","  .option('requireExplicitInAppMessageDismissal', false)","  .option('enableHtmlInAppMessages', false)","  .option('trackAllPages', false)","  .option('trackNamedPages', false)","  .option('customEndpoint', '')","  .option('version', 1)","  .tag('v1', '<script src=\"https://js.appboycdn.com/web-sdk/1.6/appboy.min.js\">')","  .tag('v2', '<script src=\"https://js.appboycdn.com/web-sdk/2.1/appboy.min.js\">');","","","Appboy.prototype.initialize = function() {","  var options = this.options;","  var customEndpoint;","  // Setup custom endpoints","  if (options.customEndpoint) {","    var endpoint = options.customEndpoint;","    var regex = new RegExp('^(http|https)://', 'i');","    customEndpoint = (regex.test(endpoint) ? endpoint : 'https://' + endpoint) + '/api/v3';","  } else if (options.datacenter === 'eu') {","    customEndpoint = 'https://sdk.fra-01.braze.eu/api/v3';","  }","","  this._messagingReady = false;","  this._messagingReadyQueue = [];","","  if (Number(options.version) === 2) {","    this.initializeV2(customEndpoint);","  } else {","    this.initializeV1(customEndpoint);","  }","};","/**"," * Initialize v1."," *"," * @api public"," */","","Appboy.prototype.initializeV1 = function(customEndpoint) {","  var options = this.options;","  var self = this;","  var userId = this.analytics.user().id();","","  // stub out function","  /* eslint-disable */","  +function(a,p,P,b,y) {","    window.appboy={};for(var s=\"destroy toggleAppboyLogging setLogger openSession changeUser requestImmediateDataFlush requestFeedRefresh subscribeToFeedUpdates logCardImpressions logCardClick logFeedDisplayed requestInAppMessageRefresh logInAppMessageImpression logInAppMessageClick logInAppMessageButtonClick subscribeToNewInAppMessages removeSubscription removeAllSubscriptions logCustomEvent logPurchase isPushSupported isPushBlocked isPushGranted isPushPermissionGranted registerAppboyPushMessages unregisterAppboyPushMessages submitFeedback ab ab.User ab.User.Genders ab.User.NotificationSubscriptionTypes ab.User.prototype.getUserId ab.User.prototype.setFirstName ab.User.prototype.setLastName ab.User.prototype.setEmail ab.User.prototype.setGender ab.User.prototype.setDateOfBirth ab.User.prototype.setCountry ab.User.prototype.setHomeCity ab.User.prototype.setEmailNotificationSubscriptionType ab.User.prototype.setPushNotificationSubscriptionType ab.User.prototype.setPhoneNumber ab.User.prototype.setAvatarImageUrl ab.User.prototype.setLastKnownLocation ab.User.prototype.setUserAttribute ab.User.prototype.setCustomUserAttribute ab.User.prototype.addToCustomAttributeArray ab.User.prototype.removeFromCustomAttributeArray ab.User.prototype.incrementCustomUserAttribute ab.InAppMessage ab.InAppMessage.SlideFrom ab.InAppMessage.ClickAction ab.InAppMessage.DismissType ab.InAppMessage.OpenTarget ab.InAppMessage.ImageStyle ab.InAppMessage.Orientation ab.InAppMessage.CropType ab.InAppMessage.prototype.subscribeToClickedEvent ab.InAppMessage.prototype.subscribeToDismissedEvent ab.InAppMessage.prototype.removeSubscription ab.InAppMessage.prototype.removeAllSubscriptions ab.InAppMessage.Button ab.InAppMessage.Button.prototype.subscribeToClickedEvent ab.InAppMessage.Button.prototype.removeSubscription ab.InAppMessage.Button.prototype.removeAllSubscriptions ab.SlideUpMessage ab.ModalMessage ab.FullScreenMessage ab.ControlMessage ab.Feed ab.Feed.prototype.getUnreadCardCount ab.Card ab.ClassicCard ab.CaptionedImage ab.Banner ab.WindowUtils display display.automaticallyShowNewInAppMessages display.showInAppMessage display.showFeed display.destroyFeed display.toggleFeed sharedLib\".split(\" \"),i=0;i<s.length;i++){for(var k=appboy,l=s[i].split(\".\"),j=0;j<l.length-1;j++)k=k[l[j]];k[l[j]]=function(){console&&console.error(\"The Appboy SDK has not yet been loaded.\")}}appboy.initialize=function(){console&&console.error(\"Appboy cannot be loaded - this is usually due to strict corporate firewalls or ad blockers.\")};appboy.getUser=function(){return new appboy.ab.User};appboy.getCachedFeed=function(){return new appboy.ab.Feed};","  }(document, 'script', 'link');","  /* eslint-enable */","","  // this is used to test this.loaded","  this._shim = window.appboy.initialize;","","  this.load('v1', function() {","    var config = {};","    var datacenterMappings = {","      us:   'https://sdk.iad-01.braze.com',","      us02: 'https://sdk.iad-02.braze.com',","      us03: 'https://sdk.iad-03.braze.com',","      eu:   'https://sdk.fra-01.braze.eu'","    };","    if (options.safariWebsitePushId) config.safariWebsitePushId = options.safariWebsitePushId;","    if (options.enableHtmlInAppMessages) config.enableHtmlInAppMessages = true;","","    // Setup custom endpoints","    if (options.customEndpoint) {","      var endpoint = options.customEndpoint;","      var regex = new RegExp('^(http|https)://', 'i');","      config.baseUrl = (regex.test(endpoint) ? endpoint : 'https://' + endpoint) + '/api/v3';","    } else {","      config.baseUrl = (datacenterMappings[options.datacenter] || 'https://sdk.iad-01.braze.com') + '/api/v3';","    }","","    if (customEndpoint) config.baseUrl = customEndpoint;","","    self.initializeTester(options.apiKey, config);","    window.appboy.initialize(options.apiKey, config);","","    if (options.automaticallyDisplayMessages) window.appboy.display.automaticallyShowNewInAppMessages();","    if (userId) window.appboy.changeUser(userId);","","    window.appboy.openSession();","    self.ready();","  });","};","","/**"," * Initialize v2."," *"," * @api public"," */","","Appboy.prototype.initializeV2 = function(customEndpoint) {","  var options = this.options;","  var userId = this.analytics.user().id();","","  /* eslint-disable */","  +function (a, p, P, b, y) {","    window.appboy = {}; window.appboyQueue = [];","    for (var s = \"initialize destroy getDeviceId toggleAppboyLogging setLogger openSession changeUser requestImmediateDataFlush requestFeedRefresh subscribeToFeedUpdates logCardImpressions logCardClick logFeedDisplayed requestInAppMessageRefresh logInAppMessageImpression logInAppMessageClick logInAppMessageButtonClick logInAppMessageHtmlClick subscribeToNewInAppMessages removeSubscription removeAllSubscriptions logCustomEvent logPurchase isPushSupported isPushBlocked isPushGranted isPushPermissionGranted registerAppboyPushMessages unregisterAppboyPushMessages submitFeedback trackLocation stopWebTracking resumeWebTracking wipeData ab ab.User ab.User.Genders ab.User.NotificationSubscriptionTypes ab.User.prototype.getUserId ab.User.prototype.setFirstName ab.User.prototype.setLastName ab.User.prototype.setEmail ab.User.prototype.setGender ab.User.prototype.setDateOfBirth ab.User.prototype.setCountry ab.User.prototype.setHomeCity ab.User.prototype.setLanguage ab.User.prototype.setEmailNotificationSubscriptionType ab.User.prototype.setPushNotificationSubscriptionType ab.User.prototype.setPhoneNumber ab.User.prototype.setAvatarImageUrl ab.User.prototype.setLastKnownLocation ab.User.prototype.setUserAttribute ab.User.prototype.setCustomUserAttribute ab.User.prototype.addToCustomAttributeArray ab.User.prototype.removeFromCustomAttributeArray ab.User.prototype.incrementCustomUserAttribute ab.User.prototype.addAlias ab.InAppMessage ab.InAppMessage.SlideFrom ab.InAppMessage.ClickAction ab.InAppMessage.DismissType ab.InAppMessage.OpenTarget ab.InAppMessage.ImageStyle ab.InAppMessage.TextAlignment ab.InAppMessage.Orientation ab.InAppMessage.CropType ab.InAppMessage.prototype.subscribeToClickedEvent ab.InAppMessage.prototype.subscribeToDismissedEvent ab.InAppMessage.prototype.removeSubscription ab.InAppMessage.prototype.removeAllSubscriptions ab.InAppMessage.Button ab.InAppMessage.Button.prototype.subscribeToClickedEvent ab.InAppMessage.Button.prototype.removeSubscription ab.InAppMessage.Button.prototype.removeAllSubscriptions ab.SlideUpMessage ab.ModalMessage ab.FullScreenMessage ab.HtmlMessage ab.ControlMessage ab.Feed ab.Feed.prototype.getUnreadCardCount ab.Card ab.ClassicCard ab.CaptionedImage ab.Banner ab.WindowUtils display display.automaticallyShowNewInAppMessages display.showInAppMessage display.showFeed display.destroyFeed display.toggleFeed sharedLib\".split(\" \"), i = 0; i < s.length; i++){","      for (var m = s[i], k = appboy, l = m.split(\".\"), j = 0; j < l.length - 1; j++)k = k[l[j]]; k[l[j]] = (new Function(\"return function \" + m.replace(/\\./g, \"_\") + \"(){appboyQueue.push(arguments); return true}\"))()","    }","    appboy.getUser = function () { return new appboy.ab.User };","    appboy.getCachedFeed = function () { return new appboy.ab.Feed };","  }(window, document, 'script');","  /* eslint-enable */","","  // https://js.appboycdn.com/web-sdk/2.0/doc/module-appboy.html#.initialize","  var config = {","    safariWebsitePushId: options.safariWebsitePushId,","    enableHtmlInAppMessages: options.enableHtmlInAppMessages,","    allowCrawlerActivity: options.allowCrawlerActivity,","    doNotLoadFontAwesome: options.doNotLoadFontAwesome,","    enableLogging: options.enableLogging,","    localization: options.localization,","    minimumIntervalBetweenTriggerActionsInSeconds: Number(options.minimumIntervalBetweenTriggerActionsInSeconds) || 30,","    openInAppMessagesInNewTab: options.openInAppMessagesInNewTab,","    openNewsFeedCardsInNewTab: options.openNewsFeedCardsInNewTab,","    requireExplicitInAppMessageDismissal: options.requireExplicitInAppMessageDismissal,","    sessionTimeoutInSeconds: Number(options.sessionTimeoutInSeconds) || 30","  };","","  if (customEndpoint) config.baseUrl = customEndpoint;","","  this.initializeTester(options.apiKey, config);","  window.appboy.initialize(options.apiKey, config);","","  if (options.automaticallyDisplayMessages) window.appboy.display.automaticallyShowNewInAppMessages();","","  // Initialization of Appboy must proceed as follows:","  //","  // 1. Load Appboy's script onto the page. This is `this.load`.","  // 2. If there is already a cached userId for this page, then invoke","  //    `changeUser` with that userId. Do not proceed until the in-app messages","  //    for that user are ready.","  // 3. Invoke `openSession`. Do not proceed until the session is successfully","  //    opened.","  // 4. Mark the integration as ready. This is `self.ready`.","  var self = this;","  if (userId) {","    this.load('v2', function() {","      self._changeUser(userId, function() {","        window.appboy.openSession(function() {","          self.ready();","        });","      });","    });","  } else {","    this.load('v2', function() {","      window.appboy.openSession(function() {","        self.ready();","      });","    });","  }","};","","// This is used to test window.appboy.initialize","Appboy.prototype.initializeTester = function() {};","","// A wrapper around `appboy.changeUser` that supports a queued system for","// waiting for in-app messages.","Appboy.prototype._changeUser = function(userId, callback) {","  // If we're using SDK v2, then messaging should be delayed -- `messagingReady`","  // should be false. With SDK v1, messaging is ready right away.","  this._messagingReady = Number(this.options.version) !== 2;","","  // Do not invoke the callback until messaging is ready.","  this._onMessagingReady(callback);","  ","  // Actually perform the `changeUser` call. The callback we pass to","  // `appboy.changeUser` will be invoked when in-app messaging is ready.","  var self = this;","  window.appboy.changeUser(userId, function() {","    // Invoke all the callbacks awaiting for in-app messages to be ready. These","    // callbacks were all enqueued by calling `_onMessagingReady`.","    each(function(callback) {","      callback();","    }, self._messagingReadyQueue);","","    // We have processed all awaiting callbacks. Future calls to","    // `_onMessagingReady` can have their callbacks invoked immediately, at","    // least until the next time we call `_changeUser` and new in-app messages","    // must be downloaded.","    self._messagingReady = true;","    self._messagingReadyQueue = [];","  });","};","","// If in-app messages are available, the passed callback will be invoked","// immediately. If we are still downloading in-app messaging, then the passed","// callback will not be called until the messaging is ready.","Appboy.prototype._onMessagingReady = function(callback) {","  if (this._messagingReady) {","    callback();","  } else {","    this._messagingReadyQueue.push(callback);","  }","};","","/**"," * Loaded?"," *"," * @api private"," * @return {boolean}"," */","","Appboy.prototype.loaded = function() {","  var options = this.options;","  if (Number(options.version) === 2) return window.appboyQueue === null;","  return window.appboy && window.appboy.initialize !== this._shim;","};","","/**"," * Identify."," *"," * @api public"," * @param {Identify} identify"," */","","Appboy.prototype.identify = function(identify) {","  var userId = identify.userId();","  var address = identify.address();","  var avatar = identify.avatar();","  var birthday = identify.birthday();","  var email = identify.email();","  var firstName = identify.firstName();","  var gender = identify.gender();","  var lastName = identify.lastName();","  var phone = identify.phone();","  var traits = clone(identify.traits());","","  this._changeUser(userId, function() {","    window.appboy.getUser().setAvatarImageUrl(avatar);","    window.appboy.getUser().setEmail(email);","    window.appboy.getUser().setFirstName(firstName);","    window.appboy.getUser().setGender(getGender(gender));","    window.appboy.getUser().setLastName(lastName);","    window.appboy.getUser().setPhoneNumber(phone);","    if (address) {","      window.appboy.getUser().setCountry(address.country);","      window.appboy.getUser().setHomeCity(address.city);","    }","    if (birthday) {","      window.appboy.getUser().setDateOfBirth(birthday.getUTCFullYear(), birthday.getUTCMonth() + 1, birthday.getUTCDate());","    }","  ","    // delete all the standard traits from traits clone so that we can use appboy's setCustomAttribute on non-standard traits","    // also remove all reserved keys so we dont set them as custom attributes, otherwise Appboy rejects the entire event","    // https://www.appboy.com/documentation/Platform_Wide/#reserved-keys","    var reserved = ['avatar', 'address', 'birthday', 'email', 'id', 'firstName', 'gender', 'lastName', 'phone', 'facebook', 'twitter', 'first_name', 'last_name', 'dob', 'external_id', 'country', 'home_city', 'bio', 'gender', 'phone', 'email_subscribe', 'push_subscribe'];","    each(function(key) {","      delete traits[key];","    }, reserved);","  ","    each(function(value, key) {","      window.appboy.getUser().setCustomUserAttribute(key, value);","    }, traits);  ","  });","};","","/**"," * Group."," *"," * Sets the group Id for users."," *"," * @api public"," * @param {Group} group"," */","","Appboy.prototype.group = function(group) {","  var groupIdKey = 'ab_segment_group_' + group.groupId();","","  window.appboy.getUser().setCustomUserAttribute(groupIdKey, true);","};","","/**"," * Track."," *"," * https://js.appboycdn.com/web-sdk/latest/doc/module-appboy.html#.logCustomEvent"," *"," * @api public"," * @param {Track} track"," */","","Appboy.prototype.track = function(track) {","  var eventName = track.event();","  var properties = track.properties();","  // remove reserved keys from custom event properties","  // https://www.appboy.com/documentation/Platform_Wide/#reserved-keys","  var reserved = ['time', 'product_id', 'quantity', 'event_name', 'price', 'currency'];","  each(function(key) {","    delete properties[key];","  }, reserved);","","  // Fire a logCustomEvent once in-app messaging is ready.","  this._onMessagingReady(function() {","    window.appboy.logCustomEvent(eventName, properties);","  });","};","","/**"," * Page."," *"," * https://js.appboycdn.com/web-sdk/latest/doc/module-appboy.html#.logCustomEvent"," *"," * @api public"," * @param {Page} page"," */","","Appboy.prototype.page = function(page) {","  var settings = this.options;","  if (!settings.trackAllPages && !settings.trackNamedPages) return;","  if (settings.trackNamedPages && !page.name()) return;","","  var pageEvent = page.track(page.fullName());","  var eventName = pageEvent.event();","  var properties = page.properties();","","  // Fire a logCustomEvent once in-app messaging is ready.","  this._onMessagingReady(function() {","    window.appboy.logCustomEvent(eventName, properties);","  });","};","","/**"," * Order Completed."," *"," * Breaking this out because it requires certain properties that all other events don't."," *"," * https://js.appboycdn.com/web-sdk/latest/doc/module-appboy.html#.logPurchase"," *"," * @api public"," * @param {Track} track"," */","","","Appboy.prototype.orderCompleted = function(track) {","  var products = track.products();","  var currencyCode = track.currency();","  var purchaseProperties = track.properties();","","  // remove reduntant properties","  del(purchaseProperties, 'products');","  del(purchaseProperties, 'currency');","","  // we have to make a separate call to appboy for each product","  var self = this;","  each(function(product) {","    var track = new Track({ properties: product });","    var productId = track.productId();","    var price = track.price();","    var quantity = track.quantity();","","    // Fire a logPurchase once in-app messaging is ready.","    self._onMessagingReady(function() {","      window.appboy.logPurchase(productId, price, currencyCode, quantity, purchaseProperties);","    });","  }, products);","};","","/**"," * Get Gender."," *"," * Returns Gender in the way that Appboy understands it."," *"," * https://js.appboycdn.com/web-sdk/latest/doc/ab.User.html#toc4"," *"," * @api public"," * @param {string} gender"," * @return {string}"," */","","function getGender(gender) {","  if (!gender) return;","  if (typeof gender !== 'string') return;","","  var femaleGenders = ['woman', 'female', 'w', 'f'];","  var maleGenders = ['man', 'male', 'm'];","  var otherGenders = ['other', 'o'];","","  if (femaleGenders.indexOf(gender.toLowerCase()) > -1) return window.appboy.ab.User.Genders.FEMALE;","  if (maleGenders.indexOf(gender.toLowerCase()) > -1) return window.appboy.ab.User.Genders.MALE;","  if (otherGenders.indexOf(gender.toLowerCase()) > -1) return window.appboy.ab.User.Genders.OTHER;","}","","}());"],"l":{"7":1,"8":1,"9":1,"10":1,"11":1,"17":1,"40":1,"41":30,"42":30,"44":30,"45":2,"46":2,"47":2,"48":28,"49":1,"52":30,"53":30,"55":30,"56":3,"58":27,"67":1,"68":27,"69":27,"70":27,"74":27,"75":3186,"80":27,"82":27,"83":26,"84":26,"90":26,"91":26,"94":26,"95":2,"96":2,"97":2,"99":24,"102":26,"104":26,"105":26,"107":26,"108":26,"110":26,"111":26,"121":1,"122":3,"123":3,"126":3,"127":3,"128":3,"129":381,"131":3,"132":3,"137":3,"151":3,"153":3,"154":3,"156":3,"167":3,"168":3,"169":1,"170":1,"171":1,"172":1,"177":2,"178":2,"179":2,"186":1,"190":1,"193":6,"196":6,"200":6,"201":6,"204":1,"205":1,"212":1,"213":1,"220":1,"221":26,"222":5,"224":21,"235":1,"236":2,"237":2,"238":2,"248":1,"249":5,"250":5,"251":5,"252":5,"253":5,"254":5,"255":5,"256":5,"257":5,"258":5,"260":5,"261":5,"262":5,"263":5,"264":5,"265":5,"266":5,"267":5,"268":1,"269":1,"271":5,"272":1,"278":5,"279":5,"280":110,"283":5,"284":4,"298":1,"299":1,"301":1,"313":1,"314":3,"315":3,"318":3,"319":3,"320":18,"324":3,"325":0,"338":1,"339":6,"340":6,"341":3,"343":3,"344":3,"345":3,"348":3,"349":0,"365":1,"366":2,"367":2,"368":2,"371":2,"372":2,"375":2,"376":2,"377":4,"378":4,"379":4,"380":4,"383":4,"384":0,"401":1,"402":5,"403":3,"405":3,"406":3,"407":3,"409":3,"410":2,"411":1}}}
